
WISCalculator v1.0
Author Derek Hower (drh5@cs.wisc.edu)
Type "help" for more information

Loading program...
Executing...
lbi r2, 16
INUM:        0 PC: 0x0000 REG: 2 VALUE: 0x0010
lbi r3, 10
INUM:        1 PC: 0x0002 REG: 3 VALUE: 0x000a
lbi r4, 7
INUM:        2 PC: 0x0004 REG: 4 VALUE: 0x0007
st r4, r3, 0
INUM:        3 PC: 0x0006 ADDR: 0x000a VALUE: 0x0007
ld r1, r3, 0
INUM:        4 PC: 0x0008 REG: 1 VALUE: 0x0007 ADDR: 0x000a
st r1, r2, 0
INUM:        5 PC: 0x000a ADDR: 0x0010 VALUE: 0x0007
halt
program halted
INUM:        6 PC: 0x000c
Program Finished
