SIMLOG:: Cycle           4 PC: 00000000 I: 0000c210 R: 0   0 00000000 M: 0 0 00000000 00000000
SIMLOG:: Cycle           5 PC: 00000002 I: 0000c30a R: 0   0 00000000 M: 0 0 00000000 00000000
SIMLOG:: Cycle           6 PC: 00000004 I: 0000c407 R: 0   0 00000000 M: 0 0 00000000 00000000
SIMLOG:: Cycle           7 PC: 00000006 I: 00008380 R: 0   0 00000000 M: 0 0 00000010 00000000
SIMLOG:: Cycle           8 PC: 00000008 I: 00008b20 R: 1   2 00000010 M: 0 0 0000000a 00000000
SIMLOG:: Cycle           9 PC: 00000008 I: 00008b20 R: 1   3 0000000a M: 0 0 00000007 00000000
SIMLOG:: Cycle          10 PC: 00000008 I: 00008b20 R: 1   4 00000007 M: 0 0 00000000 00000000
SIMLOG:: Cycle          11 PC: 0000000a I: 00008220 R: 0   4 00000000 M: 0 0 0000000a 00000000
SIMLOG:: Cycle          12 PC: 0000000c I: 00000000 R: 0   4 0000000a M: 0 1 0000000a 00000007
SIMLOG:: Cycle          13 PC: 0000000c I: 00000000 R: 0   4 0000000a M: 1 0 0000000a 00000000
SIMLOG:: Cycle          14 PC: 0000000c I: 00000000 R: 1   1 00000007 M: 0 0 00000010 00000000
SIMLOG:: Cycle          15 PC: 0000000e I: 00000000 R: 0   1 00000010 M: 0 0 00000010 00000000
SIMLOG:: Cycle          16 PC: 00000010 I: 00000000 R: 0   1 00000010 M: 0 1 00000010 00000007
SIMLOG:: Cycle          17 PC: 00000012 I: 00000000 R: 0   1 00000010 M: 0 0 00000000 00000000
SIMLOG:: Cycle          18 PC: 00000014 I: 00000000 R: 0   0 00000000 M: 0 0 00000000 00000000
SIMLOG:: Processor halted

SIMLOG:: sim_cycles          18

SIMLOG:: inst_count           7

SIMLOG:: dcachehit_count           0

SIMLOG:: icachehit_count           0

SIMLOG:: dcachereq_count           0

SIMLOG:: icachereq_count           0

