/u/s/i/sinclair/courses/cs552/spring2020/handouts/testprograms/public/rand_simple/t_1_add.asm SUCCESS CPI:2.1 CYCLES:68 ICOUNT:33 IHITRATE: 0 DHITRATE: 0
/u/s/i/sinclair/courses/cs552/spring2020/handouts/testprograms/public/rand_simple/t_1_addi.asm SUCCESS CPI:1.8 CYCLES:61 ICOUNT:33 IHITRATE: 0 DHITRATE: 0
/u/s/i/sinclair/courses/cs552/spring2020/handouts/testprograms/public/rand_simple/t_1_andn.asm SUCCESS CPI:2.2 CYCLES:73 ICOUNT:33 IHITRATE: 0 DHITRATE: 0
/u/s/i/sinclair/courses/cs552/spring2020/handouts/testprograms/public/rand_simple/t_1_andni.asm SUCCESS CPI:1.9 CYCLES:62 ICOUNT:33 IHITRATE: 0 DHITRATE: 0
/u/s/i/sinclair/courses/cs552/spring2020/handouts/testprograms/public/rand_simple/t_1_beqz.asm SUCCESS CPI:17.0 CYCLES:323 ICOUNT:19 IHITRATE: 0 DHITRATE: 0
/u/s/i/sinclair/courses/cs552/spring2020/handouts/testprograms/public/rand_simple/t_1_bgez.asm SUCCESS CPI:12.4 CYCLES:235 ICOUNT:19 IHITRATE: 0 DHITRATE: 0
/u/s/i/sinclair/courses/cs552/spring2020/handouts/testprograms/public/rand_simple/t_1_bltz.asm SUCCESS CPI:16.1 CYCLES:306 ICOUNT:19 IHITRATE: 0 DHITRATE: 0
/u/s/i/sinclair/courses/cs552/spring2020/handouts/testprograms/public/rand_simple/t_1_bnez.asm SUCCESS CPI:13.4 CYCLES:255 ICOUNT:19 IHITRATE: 0 DHITRATE: 0
/u/s/i/sinclair/courses/cs552/spring2020/handouts/testprograms/public/rand_simple/t_1_btr.asm SUCCESS CPI:2.2 CYCLES:74 ICOUNT:33 IHITRATE: 0 DHITRATE: 0
/u/s/i/sinclair/courses/cs552/spring2020/handouts/testprograms/public/rand_simple/t_1_j.asm SUCCESS CPI:39.6 CYCLES:40 ICOUNT:1 IHITRATE: 0 DHITRATE: 0
/u/s/i/sinclair/courses/cs552/spring2020/handouts/testprograms/public/rand_simple/t_1_jal.asm SUCCESS CPI:2.3 CYCLES:39 ICOUNT:17 IHITRATE: 0 DHITRATE: 0
/u/s/i/sinclair/courses/cs552/spring2020/handouts/testprograms/public/rand_simple/t_1_jalr.asm SUCCESS CPI:2.9 CYCLES:186 ICOUNT:65 IHITRATE: 0 DHITRATE: 0
/u/s/i/sinclair/courses/cs552/spring2020/handouts/testprograms/public/rand_simple/t_1_jr.asm SUCCESS CPI:2.9 CYCLES:186 ICOUNT:65 IHITRATE: 0 DHITRATE: 0
/u/s/i/sinclair/courses/cs552/spring2020/handouts/testprograms/public/rand_simple/t_1_lbi.asm SUCCESS CPI:1.7 CYCLES:56 ICOUNT:33 IHITRATE: 0 DHITRATE: 0
/u/s/i/sinclair/courses/cs552/spring2020/handouts/testprograms/public/rand_simple/t_1_ld.asm SUCCESS CPI:2.2 CYCLES:110 ICOUNT:49 IHITRATE: 0 DHITRATE: 0
/u/s/i/sinclair/courses/cs552/spring2020/handouts/testprograms/public/rand_simple/t_1_rol.asm SUCCESS CPI:2.1 CYCLES:70 ICOUNT:33 IHITRATE: 0 DHITRATE: 0
/u/s/i/sinclair/courses/cs552/spring2020/handouts/testprograms/public/rand_simple/t_1_roli.asm SUCCESS CPI:2.0 CYCLES:65 ICOUNT:33 IHITRATE: 0 DHITRATE: 0
/u/s/i/sinclair/courses/cs552/spring2020/handouts/testprograms/public/rand_simple/t_1_ror.asm SUCCESS CPI:2.1 CYCLES:68 ICOUNT:33 IHITRATE: 0 DHITRATE: 0
/u/s/i/sinclair/courses/cs552/spring2020/handouts/testprograms/public/rand_simple/t_1_rori.asm SUCCESS CPI:1.9 CYCLES:63 ICOUNT:33 IHITRATE: 0 DHITRATE: 0
/u/s/i/sinclair/courses/cs552/spring2020/handouts/testprograms/public/rand_simple/t_1_sco.asm SUCCESS CPI:1.9 CYCLES:63 ICOUNT:33 IHITRATE: 0 DHITRATE: 0
/u/s/i/sinclair/courses/cs552/spring2020/handouts/testprograms/public/rand_simple/t_1_seq.asm SUCCESS CPI:1.8 CYCLES:59 ICOUNT:33 IHITRATE: 0 DHITRATE: 0
/u/s/i/sinclair/courses/cs552/spring2020/handouts/testprograms/public/rand_simple/t_1_slbi.asm SUCCESS CPI:1.8 CYCLES:59 ICOUNT:33 IHITRATE: 0 DHITRATE: 0
/u/s/i/sinclair/courses/cs552/spring2020/handouts/testprograms/public/rand_simple/t_1_sle.asm SUCCESS CPI:1.9 CYCLES:64 ICOUNT:33 IHITRATE: 0 DHITRATE: 0
/u/s/i/sinclair/courses/cs552/spring2020/handouts/testprograms/public/rand_simple/t_1_sll.asm SUCCESS CPI:2.0 CYCLES:65 ICOUNT:33 IHITRATE: 0 DHITRATE: 0
/u/s/i/sinclair/courses/cs552/spring2020/handouts/testprograms/public/rand_simple/t_1_slli.asm SUCCESS CPI:1.9 CYCLES:63 ICOUNT:33 IHITRATE: 0 DHITRATE: 0
/u/s/i/sinclair/courses/cs552/spring2020/handouts/testprograms/public/rand_simple/t_1_slt.asm SUCCESS CPI:2.2 CYCLES:71 ICOUNT:33 IHITRATE: 0 DHITRATE: 0
/u/s/i/sinclair/courses/cs552/spring2020/handouts/testprograms/public/rand_simple/t_1_srl.asm SUCCESS CPI:2.0 CYCLES:65 ICOUNT:33 IHITRATE: 0 DHITRATE: 0
/u/s/i/sinclair/courses/cs552/spring2020/handouts/testprograms/public/rand_simple/t_1_srli.asm SUCCESS CPI:1.8 CYCLES:58 ICOUNT:33 IHITRATE: 0 DHITRATE: 0
/u/s/i/sinclair/courses/cs552/spring2020/handouts/testprograms/public/rand_simple/t_1_st.asm SUCCESS CPI:2.1 CYCLES:104 ICOUNT:49 IHITRATE: 0 DHITRATE: 0
/u/s/i/sinclair/courses/cs552/spring2020/handouts/testprograms/public/rand_simple/t_1_stu.asm SUCCESS CPI:1.7 CYCLES:112 ICOUNT:65 IHITRATE: 0 DHITRATE: 0
/u/s/i/sinclair/courses/cs552/spring2020/handouts/testprograms/public/rand_simple/t_1_sub.asm SUCCESS CPI:1.9 CYCLES:63 ICOUNT:33 IHITRATE: 0 DHITRATE: 0
/u/s/i/sinclair/courses/cs552/spring2020/handouts/testprograms/public/rand_simple/t_1_subi.asm SUCCESS CPI:2.0 CYCLES:65 ICOUNT:33 IHITRATE: 0 DHITRATE: 0
/u/s/i/sinclair/courses/cs552/spring2020/handouts/testprograms/public/rand_simple/t_1_xor.asm SUCCESS CPI:2.0 CYCLES:65 ICOUNT:33 IHITRATE: 0 DHITRATE: 0
/u/s/i/sinclair/courses/cs552/spring2020/handouts/testprograms/public/rand_simple/t_1_xori.asm SUCCESS CPI:1.9 CYCLES:64 ICOUNT:33 IHITRATE: 0 DHITRATE: 0
/u/s/i/sinclair/courses/cs552/spring2020/handouts/testprograms/public/rand_simple/t_2_add.asm SUCCESS CPI:1.9 CYCLES:64 ICOUNT:33 IHITRATE: 0 DHITRATE: 0
/u/s/i/sinclair/courses/cs552/spring2020/handouts/testprograms/public/rand_simple/t_2_addi.asm SUCCESS CPI:1.9 CYCLES:63 ICOUNT:33 IHITRATE: 0 DHITRATE: 0
/u/s/i/sinclair/courses/cs552/spring2020/handouts/testprograms/public/rand_simple/t_2_andn.asm SUCCESS CPI:1.9 CYCLES:63 ICOUNT:33 IHITRATE: 0 DHITRATE: 0
/u/s/i/sinclair/courses/cs552/spring2020/handouts/testprograms/public/rand_simple/t_2_andni.asm SUCCESS CPI:1.9 CYCLES:63 ICOUNT:33 IHITRATE: 0 DHITRATE: 0
/u/s/i/sinclair/courses/cs552/spring2020/handouts/testprograms/public/rand_simple/t_2_beqz.asm SUCCESS CPI:16.1 CYCLES:306 ICOUNT:19 IHITRATE: 0 DHITRATE: 0
/u/s/i/sinclair/courses/cs552/spring2020/handouts/testprograms/public/rand_simple/t_2_bgez.asm SUCCESS CPI:13.2 CYCLES:251 ICOUNT:19 IHITRATE: 0 DHITRATE: 0
/u/s/i/sinclair/courses/cs552/spring2020/handouts/testprograms/public/rand_simple/t_2_bltz.asm SUCCESS CPI:14.0 CYCLES:266 ICOUNT:19 IHITRATE: 0 DHITRATE: 0
/u/s/i/sinclair/courses/cs552/spring2020/handouts/testprograms/public/rand_simple/t_2_bnez.asm SUCCESS CPI:13.7 CYCLES:260 ICOUNT:19 IHITRATE: 0 DHITRATE: 0
/u/s/i/sinclair/courses/cs552/spring2020/handouts/testprograms/public/rand_simple/t_2_btr.asm SUCCESS CPI:2.2 CYCLES:74 ICOUNT:33 IHITRATE: 0 DHITRATE: 0
/u/s/i/sinclair/courses/cs552/spring2020/handouts/testprograms/public/rand_simple/t_2_j.asm SUCCESS CPI:38.6 CYCLES:39 ICOUNT:1 IHITRATE: 0 DHITRATE: 0
/u/s/i/sinclair/courses/cs552/spring2020/handouts/testprograms/public/rand_simple/t_2_jal.asm SUCCESS CPI:2.4 CYCLES:40 ICOUNT:17 IHITRATE: 0 DHITRATE: 0
/u/s/i/sinclair/courses/cs552/spring2020/handouts/testprograms/public/rand_simple/t_2_jalr.asm SUCCESS CPI:2.9 CYCLES:186 ICOUNT:65 IHITRATE: 0 DHITRATE: 0
/u/s/i/sinclair/courses/cs552/spring2020/handouts/testprograms/public/rand_simple/t_2_jr.asm SUCCESS CPI:2.9 CYCLES:190 ICOUNT:65 IHITRATE: 0 DHITRATE: 0
/u/s/i/sinclair/courses/cs552/spring2020/handouts/testprograms/public/rand_simple/t_2_lbi.asm SUCCESS CPI:1.7 CYCLES:56 ICOUNT:33 IHITRATE: 0 DHITRATE: 0
/u/s/i/sinclair/courses/cs552/spring2020/handouts/testprograms/public/rand_simple/t_2_ld.asm SUCCESS CPI:2.1 CYCLES:104 ICOUNT:49 IHITRATE: 0 DHITRATE: 0
/u/s/i/sinclair/courses/cs552/spring2020/handouts/testprograms/public/rand_simple/t_2_rol.asm SUCCESS CPI:1.9 CYCLES:62 ICOUNT:33 IHITRATE: 0 DHITRATE: 0
/u/s/i/sinclair/courses/cs552/spring2020/handouts/testprograms/public/rand_simple/t_2_roli.asm SUCCESS CPI:1.7 CYCLES:57 ICOUNT:33 IHITRATE: 0 DHITRATE: 0
/u/s/i/sinclair/courses/cs552/spring2020/handouts/testprograms/public/rand_simple/t_2_ror.asm SUCCESS CPI:1.9 CYCLES:64 ICOUNT:33 IHITRATE: 0 DHITRATE: 0
/u/s/i/sinclair/courses/cs552/spring2020/handouts/testprograms/public/rand_simple/t_2_rori.asm SUCCESS CPI:1.9 CYCLES:62 ICOUNT:33 IHITRATE: 0 DHITRATE: 0
/u/s/i/sinclair/courses/cs552/spring2020/handouts/testprograms/public/rand_simple/t_2_sco.asm SUCCESS CPI:1.9 CYCLES:64 ICOUNT:33 IHITRATE: 0 DHITRATE: 0
/u/s/i/sinclair/courses/cs552/spring2020/handouts/testprograms/public/rand_simple/t_2_seq.asm SUCCESS CPI:2.1 CYCLES:68 ICOUNT:33 IHITRATE: 0 DHITRATE: 0
/u/s/i/sinclair/courses/cs552/spring2020/handouts/testprograms/public/rand_simple/t_2_slbi.asm SUCCESS CPI:2.0 CYCLES:66 ICOUNT:33 IHITRATE: 0 DHITRATE: 0
/u/s/i/sinclair/courses/cs552/spring2020/handouts/testprograms/public/rand_simple/t_2_sle.asm SUCCESS CPI:2.0 CYCLES:66 ICOUNT:33 IHITRATE: 0 DHITRATE: 0
/u/s/i/sinclair/courses/cs552/spring2020/handouts/testprograms/public/rand_simple/t_2_sll.asm SUCCESS CPI:2.0 CYCLES:66 ICOUNT:33 IHITRATE: 0 DHITRATE: 0
/u/s/i/sinclair/courses/cs552/spring2020/handouts/testprograms/public/rand_simple/t_2_slli.asm SUCCESS CPI:1.9 CYCLES:64 ICOUNT:33 IHITRATE: 0 DHITRATE: 0
/u/s/i/sinclair/courses/cs552/spring2020/handouts/testprograms/public/rand_simple/t_2_slt.asm SUCCESS CPI:1.9 CYCLES:63 ICOUNT:33 IHITRATE: 0 DHITRATE: 0
/u/s/i/sinclair/courses/cs552/spring2020/handouts/testprograms/public/rand_simple/t_2_srl.asm SUCCESS CPI:1.9 CYCLES:64 ICOUNT:33 IHITRATE: 0 DHITRATE: 0
/u/s/i/sinclair/courses/cs552/spring2020/handouts/testprograms/public/rand_simple/t_2_srli.asm SUCCESS CPI:1.9 CYCLES:63 ICOUNT:33 IHITRATE: 0 DHITRATE: 0
/u/s/i/sinclair/courses/cs552/spring2020/handouts/testprograms/public/rand_simple/t_2_st.asm SUCCESS CPI:2.1 CYCLES:104 ICOUNT:49 IHITRATE: 0 DHITRATE: 0
/u/s/i/sinclair/courses/cs552/spring2020/handouts/testprograms/public/rand_simple/t_2_stu.asm SUCCESS CPI:1.7 CYCLES:108 ICOUNT:65 IHITRATE: 0 DHITRATE: 0
/u/s/i/sinclair/courses/cs552/spring2020/handouts/testprograms/public/rand_simple/t_2_sub.asm SUCCESS CPI:1.9 CYCLES:64 ICOUNT:33 IHITRATE: 0 DHITRATE: 0
/u/s/i/sinclair/courses/cs552/spring2020/handouts/testprograms/public/rand_simple/t_2_subi.asm SUCCESS CPI:2.1 CYCLES:68 ICOUNT:33 IHITRATE: 0 DHITRATE: 0
/u/s/i/sinclair/courses/cs552/spring2020/handouts/testprograms/public/rand_simple/t_2_xor.asm SUCCESS CPI:1.9 CYCLES:63 ICOUNT:33 IHITRATE: 0 DHITRATE: 0
/u/s/i/sinclair/courses/cs552/spring2020/handouts/testprograms/public/rand_simple/t_2_xori.asm SUCCESS CPI:2.0 CYCLES:67 ICOUNT:33 IHITRATE: 0 DHITRATE: 0
/u/s/i/sinclair/courses/cs552/spring2020/handouts/testprograms/public/rand_simple/t_3_add.asm SUCCESS CPI:2.1 CYCLES:70 ICOUNT:33 IHITRATE: 0 DHITRATE: 0
/u/s/i/sinclair/courses/cs552/spring2020/handouts/testprograms/public/rand_simple/t_3_addi.asm SUCCESS CPI:1.8 CYCLES:61 ICOUNT:33 IHITRATE: 0 DHITRATE: 0
/u/s/i/sinclair/courses/cs552/spring2020/handouts/testprograms/public/rand_simple/t_3_andn.asm SUCCESS CPI:2.1 CYCLES:70 ICOUNT:33 IHITRATE: 0 DHITRATE: 0
/u/s/i/sinclair/courses/cs552/spring2020/handouts/testprograms/public/rand_simple/t_3_andni.asm SUCCESS CPI:1.8 CYCLES:61 ICOUNT:33 IHITRATE: 0 DHITRATE: 0
/u/s/i/sinclair/courses/cs552/spring2020/handouts/testprograms/public/rand_simple/t_3_beqz.asm SUCCESS CPI:17.1 CYCLES:326 ICOUNT:19 IHITRATE: 0 DHITRATE: 0
/u/s/i/sinclair/courses/cs552/spring2020/handouts/testprograms/public/rand_simple/t_3_bgez.asm SUCCESS CPI:11.5 CYCLES:219 ICOUNT:19 IHITRATE: 0 DHITRATE: 0
/u/s/i/sinclair/courses/cs552/spring2020/handouts/testprograms/public/rand_simple/t_3_bltz.asm SUCCESS CPI:9.9 CYCLES:189 ICOUNT:19 IHITRATE: 0 DHITRATE: 0
/u/s/i/sinclair/courses/cs552/spring2020/handouts/testprograms/public/rand_simple/t_3_bnez.asm SUCCESS CPI:11.9 CYCLES:227 ICOUNT:19 IHITRATE: 0 DHITRATE: 0
/u/s/i/sinclair/courses/cs552/spring2020/handouts/testprograms/public/rand_simple/t_3_btr.asm SUCCESS CPI:2.2 CYCLES:74 ICOUNT:33 IHITRATE: 0 DHITRATE: 0
/u/s/i/sinclair/courses/cs552/spring2020/handouts/testprograms/public/rand_simple/t_3_j.asm SUCCESS CPI:39.6 CYCLES:40 ICOUNT:1 IHITRATE: 0 DHITRATE: 0
/u/s/i/sinclair/courses/cs552/spring2020/handouts/testprograms/public/rand_simple/t_3_jal.asm SUCCESS CPI:2.4 CYCLES:40 ICOUNT:17 IHITRATE: 0 DHITRATE: 0
/u/s/i/sinclair/courses/cs552/spring2020/handouts/testprograms/public/rand_simple/t_3_jalr.asm SUCCESS CPI:2.8 CYCLES:185 ICOUNT:65 IHITRATE: 0 DHITRATE: 0
/u/s/i/sinclair/courses/cs552/spring2020/handouts/testprograms/public/rand_simple/t_3_jr.asm SUCCESS CPI:2.9 CYCLES:187 ICOUNT:65 IHITRATE: 0 DHITRATE: 0
/u/s/i/sinclair/courses/cs552/spring2020/handouts/testprograms/public/rand_simple/t_3_lbi.asm SUCCESS CPI:1.7 CYCLES:56 ICOUNT:33 IHITRATE: 0 DHITRATE: 0
/u/s/i/sinclair/courses/cs552/spring2020/handouts/testprograms/public/rand_simple/t_3_ld.asm SUCCESS CPI:2.2 CYCLES:108 ICOUNT:49 IHITRATE: 0 DHITRATE: 0
/u/s/i/sinclair/courses/cs552/spring2020/handouts/testprograms/public/rand_simple/t_3_rol.asm SUCCESS CPI:2.1 CYCLES:68 ICOUNT:33 IHITRATE: 0 DHITRATE: 0
/u/s/i/sinclair/courses/cs552/spring2020/handouts/testprograms/public/rand_simple/t_3_roli.asm SUCCESS CPI:1.8 CYCLES:59 ICOUNT:33 IHITRATE: 0 DHITRATE: 0
/u/s/i/sinclair/courses/cs552/spring2020/handouts/testprograms/public/rand_simple/t_3_ror.asm SUCCESS CPI:1.9 CYCLES:64 ICOUNT:33 IHITRATE: 0 DHITRATE: 0
/u/s/i/sinclair/courses/cs552/spring2020/handouts/testprograms/public/rand_simple/t_3_rori.asm SUCCESS CPI:1.8 CYCLES:59 ICOUNT:33 IHITRATE: 0 DHITRATE: 0
/u/s/i/sinclair/courses/cs552/spring2020/handouts/testprograms/public/rand_simple/t_3_sco.asm SUCCESS CPI:2.0 CYCLES:66 ICOUNT:33 IHITRATE: 0 DHITRATE: 0
/u/s/i/sinclair/courses/cs552/spring2020/handouts/testprograms/public/rand_simple/t_3_seq.asm SUCCESS CPI:2.1 CYCLES:68 ICOUNT:33 IHITRATE: 0 DHITRATE: 0
/u/s/i/sinclair/courses/cs552/spring2020/handouts/testprograms/public/rand_simple/t_3_slbi.asm SUCCESS CPI:1.8 CYCLES:59 ICOUNT:33 IHITRATE: 0 DHITRATE: 0
/u/s/i/sinclair/courses/cs552/spring2020/handouts/testprograms/public/rand_simple/t_3_sle.asm SUCCESS CPI:2.1 CYCLES:68 ICOUNT:33 IHITRATE: 0 DHITRATE: 0
/u/s/i/sinclair/courses/cs552/spring2020/handouts/testprograms/public/rand_simple/t_3_sll.asm SUCCESS CPI:2.1 CYCLES:68 ICOUNT:33 IHITRATE: 0 DHITRATE: 0
/u/s/i/sinclair/courses/cs552/spring2020/handouts/testprograms/public/rand_simple/t_3_slli.asm SUCCESS CPI:1.8 CYCLES:60 ICOUNT:33 IHITRATE: 0 DHITRATE: 0
/u/s/i/sinclair/courses/cs552/spring2020/handouts/testprograms/public/rand_simple/t_3_slt.asm SUCCESS CPI:2.0 CYCLES:65 ICOUNT:33 IHITRATE: 0 DHITRATE: 0
/u/s/i/sinclair/courses/cs552/spring2020/handouts/testprograms/public/rand_simple/t_3_srl.asm SUCCESS CPI:2.0 CYCLES:65 ICOUNT:33 IHITRATE: 0 DHITRATE: 0
/u/s/i/sinclair/courses/cs552/spring2020/handouts/testprograms/public/rand_simple/t_3_srli.asm SUCCESS CPI:1.8 CYCLES:60 ICOUNT:33 IHITRATE: 0 DHITRATE: 0
/u/s/i/sinclair/courses/cs552/spring2020/handouts/testprograms/public/rand_simple/t_3_st.asm SUCCESS CPI:2.1 CYCLES:104 ICOUNT:49 IHITRATE: 0 DHITRATE: 0
/u/s/i/sinclair/courses/cs552/spring2020/handouts/testprograms/public/rand_simple/t_3_stu.asm SUCCESS CPI:1.6 CYCLES:106 ICOUNT:65 IHITRATE: 0 DHITRATE: 0
/u/s/i/sinclair/courses/cs552/spring2020/handouts/testprograms/public/rand_simple/t_3_sub.asm SUCCESS CPI:1.9 CYCLES:63 ICOUNT:33 IHITRATE: 0 DHITRATE: 0
/u/s/i/sinclair/courses/cs552/spring2020/handouts/testprograms/public/rand_simple/t_3_subi.asm SUCCESS CPI:1.9 CYCLES:62 ICOUNT:33 IHITRATE: 0 DHITRATE: 0
/u/s/i/sinclair/courses/cs552/spring2020/handouts/testprograms/public/rand_simple/t_3_xor.asm SUCCESS CPI:2.0 CYCLES:66 ICOUNT:33 IHITRATE: 0 DHITRATE: 0
/u/s/i/sinclair/courses/cs552/spring2020/handouts/testprograms/public/rand_simple/t_3_xori.asm SUCCESS CPI:1.8 CYCLES:59 ICOUNT:33 IHITRATE: 0 DHITRATE: 0
/u/s/i/sinclair/courses/cs552/spring2020/handouts/testprograms/public/rand_simple/t_4_add.asm SUCCESS CPI:2.1 CYCLES:68 ICOUNT:33 IHITRATE: 0 DHITRATE: 0
/u/s/i/sinclair/courses/cs552/spring2020/handouts/testprograms/public/rand_simple/t_4_addi.asm SUCCESS CPI:1.8 CYCLES:61 ICOUNT:33 IHITRATE: 0 DHITRATE: 0
/u/s/i/sinclair/courses/cs552/spring2020/handouts/testprograms/public/rand_simple/t_4_andn.asm SUCCESS CPI:2.0 CYCLES:65 ICOUNT:33 IHITRATE: 0 DHITRATE: 0
/u/s/i/sinclair/courses/cs552/spring2020/handouts/testprograms/public/rand_simple/t_4_andni.asm SUCCESS CPI:1.8 CYCLES:61 ICOUNT:33 IHITRATE: 0 DHITRATE: 0
/u/s/i/sinclair/courses/cs552/spring2020/handouts/testprograms/public/rand_simple/t_4_beqz.asm SUCCESS CPI:16.3 CYCLES:309 ICOUNT:19 IHITRATE: 0 DHITRATE: 0
/u/s/i/sinclair/courses/cs552/spring2020/handouts/testprograms/public/rand_simple/t_4_bgez.asm SUCCESS CPI:13.6 CYCLES:258 ICOUNT:19 IHITRATE: 0 DHITRATE: 0
/u/s/i/sinclair/courses/cs552/spring2020/handouts/testprograms/public/rand_simple/t_4_bltz.asm SUCCESS CPI:15.2 CYCLES:289 ICOUNT:19 IHITRATE: 0 DHITRATE: 0
/u/s/i/sinclair/courses/cs552/spring2020/handouts/testprograms/public/rand_simple/t_4_bnez.asm SUCCESS CPI:13.6 CYCLES:258 ICOUNT:19 IHITRATE: 0 DHITRATE: 0
/u/s/i/sinclair/courses/cs552/spring2020/handouts/testprograms/public/rand_simple/t_4_btr.asm SUCCESS CPI:2.3 CYCLES:75 ICOUNT:33 IHITRATE: 0 DHITRATE: 0
/u/s/i/sinclair/courses/cs552/spring2020/handouts/testprograms/public/rand_simple/t_4_j.asm SUCCESS CPI:39.6 CYCLES:40 ICOUNT:1 IHITRATE: 0 DHITRATE: 0
/u/s/i/sinclair/courses/cs552/spring2020/handouts/testprograms/public/rand_simple/t_4_jal.asm SUCCESS CPI:2.4 CYCLES:40 ICOUNT:17 IHITRATE: 0 DHITRATE: 0
/u/s/i/sinclair/courses/cs552/spring2020/handouts/testprograms/public/rand_simple/t_4_jalr.asm SUCCESS CPI:2.9 CYCLES:187 ICOUNT:65 IHITRATE: 0 DHITRATE: 0
/u/s/i/sinclair/courses/cs552/spring2020/handouts/testprograms/public/rand_simple/t_4_jr.asm SUCCESS CPI:2.9 CYCLES:191 ICOUNT:65 IHITRATE: 0 DHITRATE: 0
/u/s/i/sinclair/courses/cs552/spring2020/handouts/testprograms/public/rand_simple/t_4_lbi.asm SUCCESS CPI:1.7 CYCLES:56 ICOUNT:33 IHITRATE: 0 DHITRATE: 0
/u/s/i/sinclair/courses/cs552/spring2020/handouts/testprograms/public/rand_simple/t_4_ld.asm SUCCESS CPI:2.2 CYCLES:110 ICOUNT:49 IHITRATE: 0 DHITRATE: 0
/u/s/i/sinclair/courses/cs552/spring2020/handouts/testprograms/public/rand_simple/t_4_rol.asm SUCCESS CPI:2.1 CYCLES:69 ICOUNT:33 IHITRATE: 0 DHITRATE: 0
/u/s/i/sinclair/courses/cs552/spring2020/handouts/testprograms/public/rand_simple/t_4_roli.asm SUCCESS CPI:2.0 CYCLES:65 ICOUNT:33 IHITRATE: 0 DHITRATE: 0
/u/s/i/sinclair/courses/cs552/spring2020/handouts/testprograms/public/rand_simple/t_4_ror.asm SUCCESS CPI:1.9 CYCLES:64 ICOUNT:33 IHITRATE: 0 DHITRATE: 0
/u/s/i/sinclair/courses/cs552/spring2020/handouts/testprograms/public/rand_simple/t_4_rori.asm SUCCESS CPI:1.8 CYCLES:61 ICOUNT:33 IHITRATE: 0 DHITRATE: 0
/u/s/i/sinclair/courses/cs552/spring2020/handouts/testprograms/public/rand_simple/t_4_sco.asm SUCCESS CPI:2.0 CYCLES:65 ICOUNT:33 IHITRATE: 0 DHITRATE: 0
/u/s/i/sinclair/courses/cs552/spring2020/handouts/testprograms/public/rand_simple/t_4_seq.asm SUCCESS CPI:1.9 CYCLES:64 ICOUNT:33 IHITRATE: 0 DHITRATE: 0
/u/s/i/sinclair/courses/cs552/spring2020/handouts/testprograms/public/rand_simple/t_4_slbi.asm SUCCESS CPI:1.8 CYCLES:60 ICOUNT:33 IHITRATE: 0 DHITRATE: 0
/u/s/i/sinclair/courses/cs552/spring2020/handouts/testprograms/public/rand_simple/t_4_sle.asm SUCCESS CPI:1.9 CYCLES:62 ICOUNT:33 IHITRATE: 0 DHITRATE: 0
/u/s/i/sinclair/courses/cs552/spring2020/handouts/testprograms/public/rand_simple/t_4_sll.asm SUCCESS CPI:2.1 CYCLES:70 ICOUNT:33 IHITRATE: 0 DHITRATE: 0
/u/s/i/sinclair/courses/cs552/spring2020/handouts/testprograms/public/rand_simple/t_4_slli.asm SUCCESS CPI:1.8 CYCLES:61 ICOUNT:33 IHITRATE: 0 DHITRATE: 0
/u/s/i/sinclair/courses/cs552/spring2020/handouts/testprograms/public/rand_simple/t_4_slt.asm SUCCESS CPI:1.8 CYCLES:59 ICOUNT:33 IHITRATE: 0 DHITRATE: 0
/u/s/i/sinclair/courses/cs552/spring2020/handouts/testprograms/public/rand_simple/t_4_srl.asm SUCCESS CPI:1.9 CYCLES:64 ICOUNT:33 IHITRATE: 0 DHITRATE: 0
/u/s/i/sinclair/courses/cs552/spring2020/handouts/testprograms/public/rand_simple/t_4_srli.asm SUCCESS CPI:1.8 CYCLES:60 ICOUNT:33 IHITRATE: 0 DHITRATE: 0
/u/s/i/sinclair/courses/cs552/spring2020/handouts/testprograms/public/rand_simple/t_4_st.asm SUCCESS CPI:2.1 CYCLES:104 ICOUNT:49 IHITRATE: 0 DHITRATE: 0
/u/s/i/sinclair/courses/cs552/spring2020/handouts/testprograms/public/rand_simple/t_4_stu.asm SUCCESS CPI:1.7 CYCLES:110 ICOUNT:65 IHITRATE: 0 DHITRATE: 0
/u/s/i/sinclair/courses/cs552/spring2020/handouts/testprograms/public/rand_simple/t_4_sub.asm SUCCESS CPI:2.0 CYCLES:67 ICOUNT:33 IHITRATE: 0 DHITRATE: 0
/u/s/i/sinclair/courses/cs552/spring2020/handouts/testprograms/public/rand_simple/t_4_subi.asm SUCCESS CPI:1.8 CYCLES:60 ICOUNT:33 IHITRATE: 0 DHITRATE: 0
/u/s/i/sinclair/courses/cs552/spring2020/handouts/testprograms/public/rand_simple/t_4_xor.asm SUCCESS CPI:2.1 CYCLES:68 ICOUNT:33 IHITRATE: 0 DHITRATE: 0
/u/s/i/sinclair/courses/cs552/spring2020/handouts/testprograms/public/rand_simple/t_4_xori.asm SUCCESS CPI:1.9 CYCLES:62 ICOUNT:33 IHITRATE: 0 DHITRATE: 0
